<?xml version="1.0" encoding="UTF-8"?>
<testng-results skipped="0" failed="0" ignored="0" total="1" passed="1">
  <reporter-output>
  </reporter-output>
  <suite name="Default suite" duration-ms="18488" started-at="2019-06-18T08:05:27Z" finished-at="2019-06-18T08:05:45Z">
    <groups>
    </groups>
    <test name="Default test" duration-ms="18488" started-at="2019-06-18T08:05:27Z" finished-at="2019-06-18T08:05:45Z">
      <class name="com.training.sanity.tests.ChangePassTest">
        <test-method status="PASS" signature="setUpBeforeClass()[pri:0, instance:com.training.sanity.tests.ChangePassTest@5c7fa833]" name="setUpBeforeClass" is-config="true" duration-ms="13" started-at="2019-06-18T13:35:27Z" finished-at="2019-06-18T13:35:27Z">
          <reporter-output>
          </reporter-output>
        </test-method> <!-- setUpBeforeClass -->
        <test-method status="PASS" signature="setUp()[pri:0, instance:com.training.sanity.tests.ChangePassTest@5c7fa833]" name="setUp" is-config="true" duration-ms="7413" started-at="2019-06-18T13:35:27Z" finished-at="2019-06-18T13:35:34Z">
          <reporter-output>
          </reporter-output>
        </test-method> <!-- setUp -->
        <test-method status="PASS" signature="validChangePass()[pri:0, instance:com.training.sanity.tests.ChangePassTest@5c7fa833]" name="validChangePass" duration-ms="11025" started-at="2019-06-18T13:35:34Z" finished-at="2019-06-18T13:35:45Z">
          <reporter-output>
          </reporter-output>
        </test-method> <!-- validChangePass -->
      </class> <!-- com.training.sanity.tests.ChangePassTest -->
    </test> <!-- Default test -->
  </suite> <!-- Default suite -->
</testng-results>
